<?xml version="1.0" encoding="UTF-8"?>
<testng-results skipped="0" failed="0" ignored="0" total="1" passed="1">
  <reporter-output>
  </reporter-output>
  <suite name="Default suite" duration-ms="3528" started-at="2018-11-22T05:00:03Z" finished-at="2018-11-22T05:00:07Z">
    <groups>
    </groups>
    <test name="Default test" duration-ms="3528" started-at="2018-11-22T05:00:03Z" finished-at="2018-11-22T05:00:07Z">
      <class name="RestAssuredBasics.End_to_End_CreateUser_ExtractFromResponse_UpdateUser_Refractored">
        <test-method status="PASS" signature="setUp()[pri:0, instance:RestAssuredBasics.End_to_End_CreateUser_ExtractFromResponse_UpdateUser_Refractored@490ab905]" name="setUp" is-config="true" duration-ms="11" started-at="2018-11-22T05:00:03Z" finished-at="2018-11-22T05:00:03Z">
          <reporter-output>
          </reporter-output>
        </test-method> <!-- setUp -->
        <test-method status="PASS" signature="endToEndTest1()[pri:0, instance:RestAssuredBasics.End_to_End_CreateUser_ExtractFromResponse_UpdateUser_Refractored@490ab905]" name="endToEndTest1" duration-ms="3491" started-at="2018-11-22T05:00:03Z" finished-at="2018-11-22T05:00:07Z">
          <reporter-output>
          </reporter-output>
        </test-method> <!-- endToEndTest1 -->
      </class> <!-- RestAssuredBasics.End_to_End_CreateUser_ExtractFromResponse_UpdateUser_Refractored -->
    </test> <!-- Default test -->
  </suite> <!-- Default suite -->
</testng-results>
